[I 2026-03-10 22:55:42,781] A new study created in RDB with name: respeaker_v3_ssz
[I 2026-03-10 22:56:15,563] Trial 5 finished with value: 0.41636225365365453 and parameters: {'window_ms': 235, 'overlap': 0.7, 'freq_low_hz': 450, 'freq_high_hz': 2200, 'epsilon': 0.3842155916870193, 'd_freq': 12}. Best is trial 5 with value: 0.41636225365365453.
[I 2026-03-10 22:56:15,662] Trial 1 finished with value: 0.4057578629359496 and parameters: {'window_ms': 110, 'overlap': 0.75, 'freq_low_hz': 500, 'freq_high_hz': 2400, 'epsilon': 0.280799777948929, 'd_freq': 15}. Best is trial 5 with value: 0.41636225365365453.
[I 2026-03-10 22:56:17,548] Trial 0 finished with value: 0.41090236058967594 and parameters: {'window_ms': 30, 'overlap': 0.5, 'freq_low_hz': 200, 'freq_high_hz': 3000, 'epsilon': 0.1, 'd_freq': 8}. Best is trial 5 with value: 0.41636225365365453.
[I 2026-03-10 22:56:22,892] Trial 3 finished with value: 0.4205461224093607 and parameters: {'window_ms': 210, 'overlap': 0.6000000000000001, 'freq_low_hz': 800, 'freq_high_hz': 5500, 'epsilon': 0.08185041865917114, 'd_freq': 10}. Best is trial 3 with value: 0.4205461224093607.
[I 2026-03-10 22:56:34,776] Trial 2 finished with value: 0.40588616298354435 and parameters: {'window_ms': 125, 'overlap': 0.45, 'freq_low_hz': 900, 'freq_high_hz': 5300, 'epsilon': 0.28506918963911815, 'd_freq': 8}. Best is trial 3 with value: 0.4205461224093607.
[I 2026-03-10 22:56:56,774] Trial 7 finished with value: 0.4157998293247184 and parameters: {'window_ms': 140, 'overlap': 0.75, 'freq_low_hz': 350, 'freq_high_hz': 2300, 'epsilon': 0.4332718254068818, 'd_freq': 10}. Best is trial 3 with value: 0.4205461224093607.
[I 2026-03-10 22:56:58,586] Trial 6 finished with value: 0.42119838639549584 and parameters: {'window_ms': 230, 'overlap': 0.6000000000000001, 'freq_low_hz': 250, 'freq_high_hz': 2600, 'epsilon': 0.33704525316406303, 'd_freq': 7}. Best is trial 6 with value: 0.42119838639549584.
[I 2026-03-10 22:57:05,047] Trial 10 finished with value: 0.4244758974781436 and parameters: {'window_ms': 230, 'overlap': 0.35, 'freq_low_hz': 800, 'freq_high_hz': 3700, 'epsilon': 0.28407639868442003, 'd_freq': 9}. Best is trial 10 with value: 0.4244758974781436.
[I 2026-03-10 22:57:15,934] Trial 4 finished with value: 0.4248845049800313 and parameters: {'window_ms': 140, 'overlap': 0.9, 'freq_low_hz': 900, 'freq_high_hz': 2100, 'epsilon': 0.42757686791944627, 'd_freq': 6}. Best is trial 4 with value: 0.4248845049800313.
[I 2026-03-10 22:57:18,583] Trial 13 finished with value: 0.4213118393446687 and parameters: {'window_ms': 210, 'overlap': 0.25, 'freq_low_hz': 900, 'freq_high_hz': 2500, 'epsilon': 0.256368911882922, 'd_freq': 13}. Best is trial 4 with value: 0.4248845049800313.
[I 2026-03-10 22:57:23,728] Trial 11 finished with value: 0.42032598907102137 and parameters: {'window_ms': 135, 'overlap': 0.45, 'freq_low_hz': 250, 'freq_high_hz': 2400, 'epsilon': 0.3817176537623234, 'd_freq': 8}. Best is trial 4 with value: 0.4248845049800313.
/home/mkeller/mkeller/signal-processing-research/localization/tuning/run_optuna_respeaker_v3.py:97: UserWarning: The distribution is specified by [1550, 6000] and step=100, but the range is not divisible by `step`. It will be replaced with [1550, 5950].
  freq_high_hz = trial.suggest_int("freq_high_hz", min_high, 6000, step=100)
[I 2026-03-10 22:57:24,466] Trial 14 finished with value: 0.4172864586278127 and parameters: {'window_ms': 95, 'overlap': 0.25, 'freq_low_hz': 800, 'freq_high_hz': 1900, 'epsilon': 0.03233784927232, 'd_freq': 14}. Best is trial 4 with value: 0.4248845049800313.
[I 2026-03-10 22:58:35,951] Trial 16 finished with value: 0.434617759388649 and parameters: {'window_ms': 180, 'overlap': 0.25, 'freq_low_hz': 1150, 'freq_high_hz': 3950, 'epsilon': 0.1859094862185092, 'd_freq': 2}. Best is trial 16 with value: 0.434617759388649.
[I 2026-03-10 22:59:22,922] Trial 12 finished with value: 0.41443041475929665 and parameters: {'window_ms': 100, 'overlap': 0.9, 'freq_low_hz': 1200, 'freq_high_hz': 4700, 'epsilon': 0.20891521308591904, 'd_freq': 11}. Best is trial 16 with value: 0.434617759388649.
[I 2026-03-10 23:00:00,134] Trial 8 finished with value: 0.4268644708137506 and parameters: {'window_ms': 225, 'overlap': 0.7, 'freq_low_hz': 250, 'freq_high_hz': 2100, 'epsilon': 0.2355294479411361, 'd_freq': 1}. Best is trial 16 with value: 0.434617759388649.
[I 2026-03-10 23:08:31,860] Trial 19 finished with value: 0.4346248878927578 and parameters: {'window_ms': 170, 'overlap': 0.9, 'freq_low_hz': 1200, 'freq_high_hz': 3900, 'epsilon': 0.1858111667591061, 'd_freq': 3}. Best is trial 19 with value: 0.4346248878927578.
[I 2026-03-10 23:09:57,959] Trial 20 finished with value: 0.4347633504816519 and parameters: {'window_ms': 180, 'overlap': 0.7, 'freq_low_hz': 1200, 'freq_high_hz': 4000, 'epsilon': 0.17322734149629593, 'd_freq': 1}. Best is trial 20 with value: 0.4347633504816519.
[I 2026-03-10 23:10:46,248] Trial 17 finished with value: 0.4279939856930208 and parameters: {'window_ms': 175, 'overlap': 0.9, 'freq_low_hz': 1200, 'freq_high_hz': 4100, 'epsilon': 0.18156057522447394, 'd_freq': 2}. Best is trial 20 with value: 0.4347633504816519.
[I 2026-03-10 23:12:29,020] Trial 9 finished with value: 0.43487116343266713 and parameters: {'window_ms': 180, 'overlap': 0.8, 'freq_low_hz': 550, 'freq_high_hz': 4200, 'epsilon': 0.05927648738788492, 'd_freq': 1}. Best is trial 9 with value: 0.43487116343266713.
[I 2026-03-10 23:13:26,235] Trial 21 finished with value: 0.4346170875230068 and parameters: {'window_ms': 185, 'overlap': 0.35, 'freq_low_hz': 1200, 'freq_high_hz': 4200, 'epsilon': 0.1777633751320309, 'd_freq': 1}. Best is trial 9 with value: 0.43487116343266713.
[I 2026-03-10 23:14:13,168] Trial 23 finished with value: 0.4214922844580452 and parameters: {'window_ms': 170, 'overlap': 0.8, 'freq_low_hz': 1050, 'freq_high_hz': 3500, 'epsilon': 0.14466270111307772, 'd_freq': 4}. Best is trial 9 with value: 0.43487116343266713.
[I 2026-03-10 23:15:04,501] Trial 18 finished with value: 0.4406430193958263 and parameters: {'window_ms': 165, 'overlap': 0.9, 'freq_low_hz': 1200, 'freq_high_hz': 4600, 'epsilon': 0.18001237821842236, 'd_freq': 2}. Best is trial 18 with value: 0.4406430193958263.
[I 2026-03-10 23:15:39,070] Trial 22 finished with value: 0.42463631846534766 and parameters: {'window_ms': 175, 'overlap': 0.8500000000000001, 'freq_low_hz': 1050, 'freq_high_hz': 4200, 'epsilon': 0.1525806320691056, 'd_freq': 4}. Best is trial 18 with value: 0.4406430193958263.
[I 2026-03-10 23:16:39,545] Trial 25 finished with value: 0.4001691045704291 and parameters: {'window_ms': 65, 'overlap': 0.8, 'freq_low_hz': 650, 'freq_high_hz': 3300, 'epsilon': 0.11988536494468198, 'd_freq': 5}. Best is trial 18 with value: 0.4406430193958263.
[I 2026-03-10 23:17:58,087] Trial 24 finished with value: 0.4058319236409096 and parameters: {'window_ms': 70, 'overlap': 0.8, 'freq_low_hz': 600, 'freq_high_hz': 6000, 'epsilon': 0.1308210077530018, 'd_freq': 5}. Best is trial 18 with value: 0.4406430193958263.
[I 2026-03-10 23:18:05,589] Trial 28 finished with value: 0.42488380651471314 and parameters: {'window_ms': 200, 'overlap': 0.8, 'freq_low_hz': 650, 'freq_high_hz': 4800, 'epsilon': 0.020157531140334112, 'd_freq': 5}. Best is trial 18 with value: 0.4406430193958263.
[I 2026-03-10 23:18:35,680] Trial 26 finished with value: 0.42472918227136636 and parameters: {'window_ms': 160, 'overlap': 0.8, 'freq_low_hz': 600, 'freq_high_hz': 4700, 'epsilon': 0.1305727913309108, 'd_freq': 5}. Best is trial 18 with value: 0.4406430193958263.
[I 2026-03-10 23:19:26,579] Trial 32 finished with value: 0.45801382520189754 and parameters: {'window_ms': 195, 'overlap': 0.65, 'freq_low_hz': 1050, 'freq_high_hz': 1500, 'epsilon': 0.05355543160926665, 'd_freq': 2}. Best is trial 32 with value: 0.45801382520189754.
[I 2026-03-10 23:19:28,718] Trial 27 finished with value: 0.41423253577437724 and parameters: {'window_ms': 155, 'overlap': 0.8, 'freq_low_hz': 650, 'freq_high_hz': 4700, 'epsilon': 0.11818721128291246, 'd_freq': 5}. Best is trial 32 with value: 0.45801382520189754.
[I 2026-03-10 23:20:04,255] Trial 29 finished with value: 0.4209130905458378 and parameters: {'window_ms': 200, 'overlap': 0.65, 'freq_low_hz': 600, 'freq_high_hz': 4800, 'epsilon': 0.0399565273248703, 'd_freq': 3}. Best is trial 32 with value: 0.45801382520189754.
[I 2026-03-10 23:20:12,975] Trial 34 finished with value: 0.458256293432522 and parameters: {'window_ms': 250, 'overlap': 0.55, 'freq_low_hz': 1050, 'freq_high_hz': 1600, 'epsilon': 0.06470058868637808, 'd_freq': 3}. Best is trial 34 with value: 0.458256293432522.
[I 2026-03-10 23:20:19,996] Trial 33 finished with value: 0.4355887600278596 and parameters: {'window_ms': 200, 'overlap': 0.65, 'freq_low_hz': 1050, 'freq_high_hz': 1700, 'epsilon': 0.06740512042364202, 'd_freq': 3}. Best is trial 34 with value: 0.458256293432522.
[I 2026-03-10 23:20:59,514] Trial 37 finished with value: 0.4514525466725514 and parameters: {'window_ms': 250, 'overlap': 0.55, 'freq_low_hz': 1050, 'freq_high_hz': 1500, 'epsilon': 0.08014583127347703, 'd_freq': 3}. Best is trial 34 with value: 0.458256293432522.
[I 2026-03-10 23:21:04,317] Trial 36 finished with value: 0.4243917069646024 and parameters: {'window_ms': 240, 'overlap': 0.55, 'freq_low_hz': 1000, 'freq_high_hz': 1700, 'epsilon': 0.07469515006641564, 'd_freq': 3}. Best is trial 34 with value: 0.458256293432522.
[I 2026-03-10 23:21:30,390] Trial 35 finished with value: 0.411466670826332 and parameters: {'window_ms': 25, 'overlap': 0.55, 'freq_low_hz': 100, 'freq_high_hz': 1500, 'epsilon': 0.0642639949514473, 'd_freq': 3}. Best is trial 34 with value: 0.458256293432522.
[I 2026-03-10 23:21:41,465] Trial 31 finished with value: 0.42022255060716235 and parameters: {'window_ms': 155, 'overlap': 0.65, 'freq_low_hz': 1050, 'freq_high_hz': 4800, 'epsilon': 0.06786361758394997, 'd_freq': 3}. Best is trial 34 with value: 0.458256293432522.
[I 2026-03-10 23:21:44,254] Trial 39 finished with value: 0.4583472648178159 and parameters: {'window_ms': 250, 'overlap': 0.5, 'freq_low_hz': 1100, 'freq_high_hz': 1500, 'epsilon': 0.09172715101205689, 'd_freq': 2}. Best is trial 39 with value: 0.4583472648178159.
[I 2026-03-10 23:21:48,181] Trial 38 finished with value: 0.45249101761211313 and parameters: {'window_ms': 250, 'overlap': 0.5, 'freq_low_hz': 1000, 'freq_high_hz': 1500, 'epsilon': 0.09398664214098021, 'd_freq': 2}. Best is trial 39 with value: 0.4583472648178159.
[I 2026-03-10 23:22:13,082] Trial 41 finished with value: 0.40484710860158435 and parameters: {'window_ms': 245, 'overlap': 0.5, 'freq_low_hz': 950, 'freq_high_hz': 2800, 'epsilon': 0.09814406054053118, 'd_freq': 16}. Best is trial 39 with value: 0.4583472648178159.
[I 2026-03-10 23:22:33,184] Trial 43 finished with value: 0.4145010491637678 and parameters: {'window_ms': 250, 'overlap': 0.45, 'freq_low_hz': 950, 'freq_high_hz': 2700, 'epsilon': 0.0955424009419969, 'd_freq': 7}. Best is trial 39 with value: 0.4583472648178159.
[I 2026-03-10 23:22:53,402] Trial 44 finished with value: 0.4215789733693998 and parameters: {'window_ms': 220, 'overlap': 0.45, 'freq_low_hz': 750, 'freq_high_hz': 1900, 'epsilon': 0.09770387889794058, 'd_freq': 6}. Best is trial 39 with value: 0.4583472648178159.
[I 2026-03-10 23:22:59,927] Trial 42 finished with value: 0.4215775409118879 and parameters: {'window_ms': 250, 'overlap': 0.5, 'freq_low_hz': 950, 'freq_high_hz': 2900, 'epsilon': 0.09312768082488322, 'd_freq': 4}. Best is trial 39 with value: 0.4583472648178159.
[I 2026-03-10 23:23:30,076] Trial 46 finished with value: 0.45141953094144865 and parameters: {'window_ms': 245, 'overlap': 0.5, 'freq_low_hz': 1100, 'freq_high_hz': 1500, 'epsilon': 0.04948547700288261, 'd_freq': 2}. Best is trial 39 with value: 0.4583472648178159.
[I 2026-03-10 23:23:32,481] Trial 40 finished with value: 0.42788070573426695 and parameters: {'window_ms': 245, 'overlap': 0.5, 'freq_low_hz': 1100, 'freq_high_hz': 2900, 'epsilon': 0.10096952013752397, 'd_freq': 2}. Best is trial 39 with value: 0.4583472648178159.
[I 2026-03-10 23:23:43,570] Trial 47 finished with value: 0.45812601016902993 and parameters: {'window_ms': 215, 'overlap': 0.6000000000000001, 'freq_low_hz': 1100, 'freq_high_hz': 1500, 'epsilon': 0.043737297541030805, 'd_freq': 2}. Best is trial 39 with value: 0.4583472648178159.
[I 2026-03-10 23:23:57,765] Trial 45 finished with value: 0.42159225935464584 and parameters: {'window_ms': 220, 'overlap': 0.5, 'freq_low_hz': 750, 'freq_high_hz': 1900, 'epsilon': 0.04529850778745757, 'd_freq': 2}. Best is trial 39 with value: 0.4583472648178159.
[I 2026-03-10 23:26:17,021] Trial 48 finished with value: 0.4519037377797991 and parameters: {'window_ms': 215, 'overlap': 0.6000000000000001, 'freq_low_hz': 1100, 'freq_high_hz': 2000, 'epsilon': 0.040728470324488834, 'd_freq': 1}. Best is trial 39 with value: 0.4583472648178159.
[I 2026-03-10 23:26:42,556] Trial 50 finished with value: 0.43483844469768707 and parameters: {'window_ms': 220, 'overlap': 0.6000000000000001, 'freq_low_hz': 850, 'freq_high_hz': 1900, 'epsilon': 0.022339217422939373, 'd_freq': 1}. Best is trial 39 with value: 0.4583472648178159.
[I 2026-03-10 23:26:46,451] Trial 49 finished with value: 0.43476768514812103 and parameters: {'window_ms': 220, 'overlap': 0.6000000000000001, 'freq_low_hz': 850, 'freq_high_hz': 2000, 'epsilon': 0.047756529554577695, 'd_freq': 1}. Best is trial 39 with value: 0.4583472648178159.
[I 2026-03-10 23:27:25,299] Trial 51 finished with value: 0.43491235613548584 and parameters: {'window_ms': 230, 'overlap': 0.6000000000000001, 'freq_low_hz': 850, 'freq_high_hz': 2100, 'epsilon': 0.02584100166374676, 'd_freq': 1}. Best is trial 39 with value: 0.4583472648178159.
[I 2026-03-10 23:27:34,685] Trial 54 finished with value: 0.4241980971072242 and parameters: {'window_ms': 235, 'overlap': 0.4, 'freq_low_hz': 1000, 'freq_high_hz': 2300, 'epsilon': 0.30625460022853257, 'd_freq': 4}. Best is trial 39 with value: 0.4583472648178159.
[I 2026-03-10 23:27:39,225] Trial 53 finished with value: 0.4207248550835954 and parameters: {'window_ms': 235, 'overlap': 0.55, 'freq_low_hz': 1000, 'freq_high_hz': 2200, 'epsilon': 0.3513000304568239, 'd_freq': 4}. Best is trial 39 with value: 0.4583472648178159.
[I 2026-03-10 23:28:18,113] Trial 56 finished with value: 0.45211839557147393 and parameters: {'window_ms': 210, 'overlap': 0.55, 'freq_low_hz': 1100, 'freq_high_hz': 1600, 'epsilon': 0.055791866241144496, 'd_freq': 2}. Best is trial 39 with value: 0.4583472648178159.
/home/mkeller/mkeller/signal-processing-research/localization/tuning/run_optuna_respeaker_v3.py:97: UserWarning: The distribution is specified by [1550, 6000] and step=100, but the range is not divisible by `step`. It will be replaced with [1550, 5950].
  freq_high_hz = trial.suggest_int("freq_high_hz", min_high, 6000, step=100)
[I 2026-03-10 23:28:29,420] Trial 55 finished with value: 0.4464585901540157 and parameters: {'window_ms': 235, 'overlap': 0.4, 'freq_low_hz': 450, 'freq_high_hz': 2300, 'epsilon': 0.30793373975253596, 'd_freq': 4}. Best is trial 39 with value: 0.4583472648178159.
/home/mkeller/mkeller/signal-processing-research/localization/tuning/run_optuna_respeaker_v3.py:97: UserWarning: The distribution is specified by [1550, 6000] and step=100, but the range is not divisible by `step`. It will be replaced with [1550, 5950].
  freq_high_hz = trial.suggest_int("freq_high_hz", min_high, 6000, step=100)
[I 2026-03-10 23:28:32,030] Trial 15 finished with value: 0.4407194111929318 and parameters: {'window_ms': 55, 'overlap': 0.9, 'freq_low_hz': 1200, 'freq_high_hz': 4400, 'epsilon': 0.16024193932702194, 'd_freq': 1}. Best is trial 39 with value: 0.4583472648178159.
/home/mkeller/mkeller/signal-processing-research/localization/tuning/run_optuna_respeaker_v3.py:97: UserWarning: The distribution is specified by [1550, 6000] and step=100, but the range is not divisible by `step`. It will be replaced with [1550, 5950].
  freq_high_hz = trial.suggest_int("freq_high_hz", min_high, 6000, step=100)
[I 2026-03-10 23:28:50,007] Trial 57 finished with value: 0.45219766574759945 and parameters: {'window_ms': 210, 'overlap': 0.7, 'freq_low_hz': 1100, 'freq_high_hz': 1700, 'epsilon': 0.049447365956326365, 'd_freq': 2}. Best is trial 39 with value: 0.4583472648178159.
[I 2026-03-10 23:28:52,437] Trial 52 finished with value: 0.4268360823818748 and parameters: {'window_ms': 230, 'overlap': 0.4, 'freq_low_hz': 850, 'freq_high_hz': 2300, 'epsilon': 0.3062558783899639, 'd_freq': 1}. Best is trial 39 with value: 0.4583472648178159.
/home/mkeller/mkeller/signal-processing-research/localization/tuning/run_optuna_respeaker_v3.py:97: UserWarning: The distribution is specified by [1550, 6000] and step=100, but the range is not divisible by `step`. It will be replaced with [1550, 5950].
  freq_high_hz = trial.suggest_int("freq_high_hz", min_high, 6000, step=100)
[I 2026-03-10 23:29:00,007] Trial 30 finished with value: 0.4405821265355855 and parameters: {'window_ms': 155, 'overlap': 0.65, 'freq_low_hz': 1050, 'freq_high_hz': 4700, 'epsilon': 0.041666634298063776, 'd_freq': 1}. Best is trial 39 with value: 0.4583472648178159.
/home/mkeller/mkeller/signal-processing-research/localization/tuning/run_optuna_respeaker_v3.py:97: UserWarning: The distribution is specified by [1550, 6000] and step=100, but the range is not divisible by `step`. It will be replaced with [1550, 5950].
  freq_high_hz = trial.suggest_int("freq_high_hz", min_high, 6000, step=100)
[I 2026-03-10 23:29:11,380] Trial 58 finished with value: 0.4581137063017306 and parameters: {'window_ms': 190, 'overlap': 0.65, 'freq_low_hz': 1150, 'freq_high_hz': 1650, 'epsilon': 0.05704647861566742, 'd_freq': 2}. Best is trial 39 with value: 0.4583472648178159.
[I 2026-03-10 23:29:27,396] Trial 62 finished with value: 0.4340370297497542 and parameters: {'window_ms': 190, 'overlap': 0.7, 'freq_low_hz': 1150, 'freq_high_hz': 1750, 'epsilon': 0.21630237380981376, 'd_freq': 10}. Best is trial 39 with value: 0.4583472648178159.
[I 2026-03-10 23:29:30,074] Trial 64 finished with value: 0.45196982901485827 and parameters: {'window_ms': 10, 'overlap': 0.75, 'freq_low_hz': 1150, 'freq_high_hz': 1750, 'epsilon': 0.08268804881617503, 'd_freq': 11}. Best is trial 39 with value: 0.4583472648178159.
[I 2026-03-10 23:29:42,219] Trial 59 finished with value: 0.45202497768885147 and parameters: {'window_ms': 190, 'overlap': 0.7, 'freq_low_hz': 1150, 'freq_high_hz': 1750, 'epsilon': 0.08153399294021407, 'd_freq': 2}. Best is trial 39 with value: 0.4583472648178159.
[I 2026-03-10 23:29:51,670] Trial 60 finished with value: 0.45811884272856307 and parameters: {'window_ms': 190, 'overlap': 0.7, 'freq_low_hz': 1150, 'freq_high_hz': 1750, 'epsilon': 0.05894924828484759, 'd_freq': 2}. Best is trial 39 with value: 0.4583472648178159.
[I 2026-03-10 23:30:08,409] Trial 65 finished with value: 0.4581522388357196 and parameters: {'window_ms': 195, 'overlap': 0.75, 'freq_low_hz': 1150, 'freq_high_hz': 1750, 'epsilon': 0.11963537931409234, 'd_freq': 6}. Best is trial 39 with value: 0.4583472648178159.
[I 2026-03-10 23:30:16,204] Trial 61 finished with value: 0.4581802257731288 and parameters: {'window_ms': 190, 'overlap': 0.75, 'freq_low_hz': 1150, 'freq_high_hz': 1750, 'epsilon': 0.08180589945762015, 'd_freq': 2}. Best is trial 39 with value: 0.4583472648178159.
[I 2026-03-10 23:30:35,057] Trial 63 finished with value: 0.4581966843531106 and parameters: {'window_ms': 120, 'overlap': 0.75, 'freq_low_hz': 1150, 'freq_high_hz': 1750, 'epsilon': 0.11864461770376628, 'd_freq': 2}. Best is trial 39 with value: 0.4583472648178159.
[I 2026-03-10 23:30:45,061] Trial 67 finished with value: 0.45808703075203977 and parameters: {'window_ms': 125, 'overlap': 0.65, 'freq_low_hz': 1150, 'freq_high_hz': 1650, 'epsilon': 0.10934182639407428, 'd_freq': 2}. Best is trial 39 with value: 0.4583472648178159.
[I 2026-03-10 23:30:53,337] Trial 66 finished with value: 0.45182943201287684 and parameters: {'window_ms': 190, 'overlap': 0.7, 'freq_low_hz': 1150, 'freq_high_hz': 1750, 'epsilon': 0.1136425544202396, 'd_freq': 2}. Best is trial 39 with value: 0.4583472648178159.
[I 2026-03-10 23:31:28,525] Trial 69 finished with value: 0.4213809400428728 and parameters: {'window_ms': 205, 'overlap': 0.75, 'freq_low_hz': 1150, 'freq_high_hz': 2450, 'epsilon': 0.12039679748772135, 'd_freq': 6}. Best is trial 39 with value: 0.4583472648178159.
[I 2026-03-10 23:31:33,815] Trial 70 finished with value: 0.4247424678786529 and parameters: {'window_ms': 145, 'overlap': 0.75, 'freq_low_hz': 1150, 'freq_high_hz': 2450, 'epsilon': 0.12456039189202897, 'd_freq': 6}. Best is trial 39 with value: 0.4583472648178159.
[I 2026-03-10 23:31:43,139] Trial 72 finished with value: 0.41419265222226526 and parameters: {'window_ms': 110, 'overlap': 0.75, 'freq_low_hz': 1200, 'freq_high_hz': 2100, 'epsilon': 0.11831457018053193, 'd_freq': 7}. Best is trial 39 with value: 0.4583472648178159.
[I 2026-03-10 23:31:53,316] Trial 71 finished with value: 0.4161206863438612 and parameters: {'window_ms': 115, 'overlap': 0.75, 'freq_low_hz': 1200, 'freq_high_hz': 2500, 'epsilon': 0.11343295706930608, 'd_freq': 6}. Best is trial 39 with value: 0.4583472648178159.
[I 2026-03-10 23:32:05,417] Trial 68 finished with value: 0.4348139699848773 and parameters: {'window_ms': 195, 'overlap': 0.65, 'freq_low_hz': 1150, 'freq_high_hz': 2550, 'epsilon': 0.10932968287053266, 'd_freq': 2}. Best is trial 39 with value: 0.4583472648178159.
[I 2026-03-10 23:32:17,120] Trial 74 finished with value: 0.4339772887358302 and parameters: {'window_ms': 130, 'overlap': 0.75, 'freq_low_hz': 1200, 'freq_high_hz': 2000, 'epsilon': 0.1396675981726671, 'd_freq': 9}. Best is trial 39 with value: 0.4583472648178159.
[I 2026-03-10 23:32:22,518] Trial 73 finished with value: 0.405784243558677 and parameters: {'window_ms': 105, 'overlap': 0.75, 'freq_low_hz': 1200, 'freq_high_hz': 2500, 'epsilon': 0.16699396992139898, 'd_freq': 6}. Best is trial 39 with value: 0.4583472648178159.
[I 2026-03-10 23:33:04,089] Trial 79 finished with value: 0.4248497976430326 and parameters: {'window_ms': 90, 'overlap': 0.7, 'freq_low_hz': 1100, 'freq_high_hz': 1600, 'epsilon': 0.06739722542177842, 'd_freq': 3}. Best is trial 39 with value: 0.4583472648178159.
[I 2026-03-10 23:33:11,351] Trial 80 finished with value: 0.45821880365906975 and parameters: {'window_ms': 80, 'overlap': 0.7, 'freq_low_hz': 1100, 'freq_high_hz': 1600, 'epsilon': 0.06262233601658714, 'd_freq': 3}. Best is trial 39 with value: 0.4583472648178159.
[I 2026-03-10 23:33:55,533] Trial 75 finished with value: 0.4406380963026585 and parameters: {'window_ms': 115, 'overlap': 0.8500000000000001, 'freq_low_hz': 1200, 'freq_high_hz': 2100, 'epsilon': 0.15008005388382342, 'd_freq': 3}. Best is trial 39 with value: 0.4583472648178159.
[I 2026-03-10 23:34:13,505] Trial 77 finished with value: 0.4248321480289756 and parameters: {'window_ms': 90, 'overlap': 0.8500000000000001, 'freq_low_hz': 1100, 'freq_high_hz': 2000, 'epsilon': 0.14221057031740114, 'd_freq': 3}. Best is trial 39 with value: 0.4583472648178159.
[I 2026-03-10 23:34:39,932] Trial 81 finished with value: 0.4223601705642283 and parameters: {'window_ms': 180, 'overlap': 0.6000000000000001, 'freq_low_hz': 1100, 'freq_high_hz': 3200, 'epsilon': 0.032578165153862214, 'd_freq': 3}. Best is trial 39 with value: 0.4583472648178159.
[I 2026-03-10 23:34:51,021] Trial 78 finished with value: 0.4215817753260425 and parameters: {'window_ms': 90, 'overlap': 0.7, 'freq_low_hz': 1100, 'freq_high_hz': 3200, 'epsilon': 0.14767520160055866, 'd_freq': 3}. Best is trial 39 with value: 0.4583472648178159.
[I 2026-03-10 23:34:51,250] Trial 82 finished with value: 0.4407731699363343 and parameters: {'window_ms': 85, 'overlap': 0.8, 'freq_low_hz': 1100, 'freq_high_hz': 1900, 'epsilon': 0.142245293896227, 'd_freq': 3}. Best is trial 39 with value: 0.4583472648178159.
[I 2026-03-10 23:35:05,796] Trial 83 finished with value: 0.4180446136162584 and parameters: {'window_ms': 85, 'overlap': 0.8, 'freq_low_hz': 1050, 'freq_high_hz': 1900, 'epsilon': 0.031817762817517185, 'd_freq': 4}. Best is trial 39 with value: 0.4583472648178159.
[I 2026-03-10 23:35:35,802] Trial 87 finished with value: 0.4212822777008751 and parameters: {'window_ms': 45, 'overlap': 0.65, 'freq_low_hz': 1050, 'freq_high_hz': 1600, 'epsilon': 0.4493830798649695, 'd_freq': 4}. Best is trial 39 with value: 0.4583472648178159.
[I 2026-03-10 23:35:44,641] Trial 86 finished with value: 0.42544215064975505 and parameters: {'window_ms': 50, 'overlap': 0.65, 'freq_low_hz': 1050, 'freq_high_hz': 1800, 'epsilon': 0.08364232111099106, 'd_freq': 4}. Best is trial 39 with value: 0.4583472648178159.
[I 2026-03-10 23:36:03,481] Trial 85 finished with value: 0.4183482138305731 and parameters: {'window_ms': 75, 'overlap': 0.8, 'freq_low_hz': 1000, 'freq_high_hz': 1800, 'epsilon': 0.08415032897019387, 'd_freq': 4}. Best is trial 39 with value: 0.4583472648178159.
[I 2026-03-10 23:36:14,131] Trial 84 finished with value: 0.4144887659882348 and parameters: {'window_ms': 50, 'overlap': 0.8, 'freq_low_hz': 1050, 'freq_high_hz': 3300, 'epsilon': 0.032977115923382774, 'd_freq': 4}. Best is trial 39 with value: 0.4583472648178159.
[I 2026-03-10 23:36:55,549] Trial 76 finished with value: 0.4210888736926729 and parameters: {'window_ms': 120, 'overlap': 0.8500000000000001, 'freq_low_hz': 1100, 'freq_high_hz': 3200, 'epsilon': 0.14423338214341977, 'd_freq': 3}. Best is trial 39 with value: 0.4583472648178159.
[I 2026-03-10 23:37:01,625] Trial 88 finished with value: 0.4387309887857221 and parameters: {'window_ms': 170, 'overlap': 0.65, 'freq_low_hz': 1000, 'freq_high_hz': 1600, 'epsilon': 0.07477849913134314, 'd_freq': 1}. Best is trial 39 with value: 0.4583472648178159.
[I 2026-03-10 23:37:41,621] Trial 89 finished with value: 0.467642220798863 and parameters: {'window_ms': 205, 'overlap': 0.7, 'freq_low_hz': 1000, 'freq_high_hz': 1500, 'epsilon': 0.07341244908311768, 'd_freq': 1}. Best is trial 89 with value: 0.467642220798863.
[I 2026-03-10 23:37:54,827] Trial 90 finished with value: 0.4387113033644486 and parameters: {'window_ms': 170, 'overlap': 0.7, 'freq_low_hz': 1000, 'freq_high_hz': 1500, 'epsilon': 0.06256077733835216, 'd_freq': 1}. Best is trial 89 with value: 0.467642220798863.
[I 2026-03-10 23:38:19,234] Trial 91 finished with value: 0.4498872403113742 and parameters: {'window_ms': 170, 'overlap': 0.7, 'freq_low_hz': 950, 'freq_high_hz': 1500, 'epsilon': 0.060342991654723385, 'd_freq': 1}. Best is trial 89 with value: 0.467642220798863.
[I 2026-03-10 23:39:19,504] Trial 93 finished with value: 0.44836863289509954 and parameters: {'window_ms': 165, 'overlap': 0.7, 'freq_low_hz': 950, 'freq_high_hz': 1500, 'epsilon': 0.0666668302966497, 'd_freq': 1}. Best is trial 89 with value: 0.467642220798863.
[I 2026-03-10 23:39:29,802] Trial 97 finished with value: 0.4581929915486911 and parameters: {'window_ms': 200, 'overlap': 0.55, 'freq_low_hz': 1150, 'freq_high_hz': 1850, 'epsilon': 0.06987156772261381, 'd_freq': 2}. Best is trial 89 with value: 0.467642220798863.
[I 2026-03-10 23:39:54,124] Trial 95 finished with value: 0.45291575105614384 and parameters: {'window_ms': 145, 'overlap': 0.7, 'freq_low_hz': 950, 'freq_high_hz': 1500, 'epsilon': 0.06465747479384873, 'd_freq': 1}. Best is trial 89 with value: 0.467642220798863.
[I 2026-03-10 23:41:36,179] Trial 99 finished with value: 0.42694936343335055 and parameters: {'window_ms': 205, 'overlap': 0.55, 'freq_low_hz': 350, 'freq_high_hz': 1900, 'epsilon': 0.09098504586102008, 'd_freq': 2}. Best is trial 89 with value: 0.467642220798863.
[I 2026-03-10 23:42:14,832] Trial 101 finished with value: 0.45193570794566673 and parameters: {'window_ms': 215, 'overlap': 0.55, 'freq_low_hz': 1150, 'freq_high_hz': 1850, 'epsilon': 0.10436330117335847, 'd_freq': 5}. Best is trial 89 with value: 0.467642220798863.
[I 2026-03-10 23:42:22,658] Trial 100 finished with value: 0.42684946450720485 and parameters: {'window_ms': 205, 'overlap': 0.55, 'freq_low_hz': 350, 'freq_high_hz': 2200, 'epsilon': 0.1030104001170481, 'd_freq': 2}. Best is trial 89 with value: 0.467642220798863.
[I 2026-03-10 23:43:30,936] Trial 98 finished with value: 0.43462673120935513 and parameters: {'window_ms': 205, 'overlap': 0.55, 'freq_low_hz': 1150, 'freq_high_hz': 5250, 'epsilon': 0.05398363596259455, 'd_freq': 2}. Best is trial 89 with value: 0.467642220798863.
[I 2026-03-10 23:44:16,615] Trial 104 finished with value: 0.4176809388065389 and parameters: {'window_ms': 185, 'overlap': 0.75, 'freq_low_hz': 900, 'freq_high_hz': 2100, 'epsilon': 0.07562941070569551, 'd_freq': 13}. Best is trial 89 with value: 0.467642220798863.
[I 2026-03-10 23:45:34,661] Trial 105 finished with value: 0.4581504349824692 and parameters: {'window_ms': 240, 'overlap': 0.45, 'freq_low_hz': 1200, 'freq_high_hz': 1700, 'epsilon': 0.04116979873836451, 'd_freq': 1}. Best is trial 89 with value: 0.467642220798863.
[I 2026-03-10 23:46:15,645] Trial 102 finished with value: 0.43452760426391485 and parameters: {'window_ms': 225, 'overlap': 0.45, 'freq_low_hz': 1200, 'freq_high_hz': 5100, 'epsilon': 0.0751698119039981, 'd_freq': 2}. Best is trial 89 with value: 0.467642220798863.
[I 2026-03-10 23:46:22,029] Trial 103 finished with value: 0.4347012831728802 and parameters: {'window_ms': 240, 'overlap': 0.45, 'freq_low_hz': 1200, 'freq_high_hz': 5500, 'epsilon': 0.07515826140006399, 'd_freq': 2}. Best is trial 89 with value: 0.467642220798863.
[I 2026-03-10 23:46:47,786] Trial 106 finished with value: 0.4581504349824692 and parameters: {'window_ms': 240, 'overlap': 0.45, 'freq_low_hz': 1200, 'freq_high_hz': 1700, 'epsilon': 0.04207196329126073, 'd_freq': 1}. Best is trial 89 with value: 0.467642220798863.
[I 2026-03-10 23:47:21,892] Trial 107 finished with value: 0.4664790693056904 and parameters: {'window_ms': 240, 'overlap': 0.45, 'freq_low_hz': 1100, 'freq_high_hz': 1600, 'epsilon': 0.037269479749056166, 'd_freq': 1}. Best is trial 89 with value: 0.467642220798863.
[I 2026-03-10 23:47:41,262] Trial 108 finished with value: 0.46253362277545385 and parameters: {'window_ms': 240, 'overlap': 0.5, 'freq_low_hz': 1100, 'freq_high_hz': 1600, 'epsilon': 0.03635992975392771, 'd_freq': 1}. Best is trial 89 with value: 0.467642220798863.
[I 2026-03-10 23:48:01,684] Trial 109 finished with value: 0.46253362277545385 and parameters: {'window_ms': 240, 'overlap': 0.5, 'freq_low_hz': 1100, 'freq_high_hz': 1600, 'epsilon': 0.04136015308302639, 'd_freq': 1}. Best is trial 89 with value: 0.467642220798863.
[I 2026-03-10 23:48:34,006] Trial 110 finished with value: 0.4661490565180548 and parameters: {'window_ms': 240, 'overlap': 0.45, 'freq_low_hz': 1150, 'freq_high_hz': 1650, 'epsilon': 0.04081430218353023, 'd_freq': 1}. Best is trial 89 with value: 0.467642220798863.
[I 2026-03-10 23:49:02,979] Trial 111 finished with value: 0.4662278577482911 and parameters: {'window_ms': 225, 'overlap': 0.5, 'freq_low_hz': 1100, 'freq_high_hz': 1600, 'epsilon': 0.0884515814058056, 'd_freq': 1}. Best is trial 89 with value: 0.467642220798863.
[I 2026-03-10 23:49:31,544] Trial 112 finished with value: 0.4554708643594003 and parameters: {'window_ms': 225, 'overlap': 0.5, 'freq_low_hz': 1050, 'freq_high_hz': 1600, 'epsilon': 0.25192776629757685, 'd_freq': 1}. Best is trial 89 with value: 0.467642220798863.
[I 2026-03-10 23:49:58,359] Trial 113 finished with value: 0.466303137115785 and parameters: {'window_ms': 245, 'overlap': 0.5, 'freq_low_hz': 1050, 'freq_high_hz': 1600, 'epsilon': 0.03053448772946783, 'd_freq': 1}. Best is trial 89 with value: 0.467642220798863.
[I 2026-03-10 23:50:28,374] Trial 114 finished with value: 0.46645785099430964 and parameters: {'window_ms': 230, 'overlap': 0.5, 'freq_low_hz': 1050, 'freq_high_hz': 1600, 'epsilon': 0.025970392916277445, 'd_freq': 1}. Best is trial 89 with value: 0.467642220798863.
[I 2026-03-10 23:50:54,134] Trial 115 finished with value: 0.45798386391043866 and parameters: {'window_ms': 245, 'overlap': 0.5, 'freq_low_hz': 1100, 'freq_high_hz': 1600, 'epsilon': 0.02721268542694911, 'd_freq': 1}. Best is trial 89 with value: 0.467642220798863.
[I 2026-03-10 23:51:04,987] Trial 92 finished with value: 0.42768867268644456 and parameters: {'window_ms': 170, 'overlap': 0.7, 'freq_low_hz': 1150, 'freq_high_hz': 5450, 'epsilon': 0.06427417497509788, 'd_freq': 1}. Best is trial 89 with value: 0.467642220798863.
[I 2026-03-10 23:51:18,271] Trial 94 finished with value: 0.44058103773379387 and parameters: {'window_ms': 205, 'overlap': 0.7, 'freq_low_hz': 1150, 'freq_high_hz': 5150, 'epsilon': 0.0598371664769437, 'd_freq': 1}. Best is trial 89 with value: 0.467642220798863.
[I 2026-03-10 23:51:20,635] Trial 116 finished with value: 0.45798386391043866 and parameters: {'window_ms': 245, 'overlap': 0.5, 'freq_low_hz': 1100, 'freq_high_hz': 1600, 'epsilon': 0.02035691908554751, 'd_freq': 1}. Best is trial 89 with value: 0.467642220798863.
[I 2026-03-10 23:52:02,728] Trial 117 finished with value: 0.462507316032532 and parameters: {'window_ms': 245, 'overlap': 0.5, 'freq_low_hz': 1000, 'freq_high_hz': 1600, 'epsilon': 0.021401090690491696, 'd_freq': 1}. Best is trial 89 with value: 0.467642220798863.
[I 2026-03-10 23:52:07,177] Trial 96 finished with value: 0.4277242589911579 and parameters: {'window_ms': 225, 'overlap': 0.7, 'freq_low_hz': 1150, 'freq_high_hz': 5150, 'epsilon': 0.06730824114532474, 'd_freq': 1}. Best is trial 89 with value: 0.467642220798863.
[I 2026-03-10 23:52:25,783] Trial 118 finished with value: 0.45310662887056097 and parameters: {'window_ms': 235, 'overlap': 0.5, 'freq_low_hz': 1000, 'freq_high_hz': 1600, 'epsilon': 0.050524191087292836, 'd_freq': 1}. Best is trial 89 with value: 0.467642220798863.
[I 2026-03-10 23:52:34,240] Trial 119 finished with value: 0.4616467262574793 and parameters: {'window_ms': 230, 'overlap': 0.5, 'freq_low_hz': 1000, 'freq_high_hz': 1600, 'epsilon': 0.03514829423386176, 'd_freq': 1}. Best is trial 89 with value: 0.467642220798863.
[I 2026-03-10 23:52:37,198] Trial 121 finished with value: 0.46279415471762964 and parameters: {'window_ms': 230, 'overlap': 0.5, 'freq_low_hz': 1000, 'freq_high_hz': 1500, 'epsilon': 0.03864417962196431, 'd_freq': 1}. Best is trial 89 with value: 0.467642220798863.
[I 2026-03-10 23:52:43,313] Trial 120 finished with value: 0.4616467262574793 and parameters: {'window_ms': 230, 'overlap': 0.5, 'freq_low_hz': 1000, 'freq_high_hz': 1600, 'epsilon': 0.03600326774153256, 'd_freq': 1}. Best is trial 89 with value: 0.467642220798863.
[I 2026-03-10 23:53:16,640] Trial 122 finished with value: 0.46279415471762964 and parameters: {'window_ms': 230, 'overlap': 0.5, 'freq_low_hz': 1000, 'freq_high_hz': 1500, 'epsilon': 0.03544984546236592, 'd_freq': 1}. Best is trial 89 with value: 0.467642220798863.
[I 2026-03-10 23:53:46,083] Trial 124 finished with value: 0.43819718802435204 and parameters: {'window_ms': 250, 'overlap': 0.4, 'freq_low_hz': 900, 'freq_high_hz': 1500, 'epsilon': 0.03695772783553402, 'd_freq': 1}. Best is trial 89 with value: 0.467642220798863.
[I 2026-03-10 23:54:20,611] Trial 127 finished with value: 0.4381004971414895 and parameters: {'window_ms': 230, 'overlap': 0.5, 'freq_low_hz': 900, 'freq_high_hz': 1500, 'epsilon': 0.030413857329477486, 'd_freq': 1}. Best is trial 89 with value: 0.467642220798863.
[I 2026-03-10 23:54:32,188] Trial 125 finished with value: 0.4519537707906707 and parameters: {'window_ms': 250, 'overlap': 0.4, 'freq_low_hz': 1000, 'freq_high_hz': 2000, 'epsilon': 0.03643352649421519, 'd_freq': 1}. Best is trial 89 with value: 0.467642220798863.
[I 2026-03-10 23:54:37,398] Trial 128 finished with value: 0.4383383705505527 and parameters: {'window_ms': 230, 'overlap': 0.4, 'freq_low_hz': 900, 'freq_high_hz': 1500, 'epsilon': 0.03659546459554968, 'd_freq': 1}. Best is trial 89 with value: 0.467642220798863.
[I 2026-03-10 23:55:09,926] Trial 126 finished with value: 0.4347542245691673 and parameters: {'window_ms': 230, 'overlap': 0.5, 'freq_low_hz': 900, 'freq_high_hz': 2000, 'epsilon': 0.0358338899064862, 'd_freq': 1}. Best is trial 89 with value: 0.467642220798863.
[I 2026-03-10 23:56:00,238] Trial 132 finished with value: 0.45820513123006534 and parameters: {'window_ms': 240, 'overlap': 0.45, 'freq_low_hz': 1050, 'freq_high_hz': 1700, 'epsilon': 0.020204195681870388, 'd_freq': 1}. Best is trial 89 with value: 0.467642220798863.
[I 2026-03-10 23:56:07,437] Trial 131 finished with value: 0.4520234421523593 and parameters: {'window_ms': 235, 'overlap': 0.45, 'freq_low_hz': 950, 'freq_high_hz': 1700, 'epsilon': 0.020220378609613555, 'd_freq': 1}. Best is trial 89 with value: 0.467642220798863.
[I 2026-03-10 23:56:07,644] Trial 129 finished with value: 0.43472918583151227 and parameters: {'window_ms': 230, 'overlap': 0.45, 'freq_low_hz': 900, 'freq_high_hz': 2000, 'epsilon': 0.020149382036847838, 'd_freq': 1}. Best is trial 89 with value: 0.467642220798863.
[I 2026-03-10 23:56:32,804] Trial 133 finished with value: 0.46229317392546454 and parameters: {'window_ms': 235, 'overlap': 0.45, 'freq_low_hz': 1050, 'freq_high_hz': 1700, 'epsilon': 0.022110912350094363, 'd_freq': 1}. Best is trial 89 with value: 0.467642220798863.
[I 2026-03-10 23:58:36,919] Trial 130 finished with value: 0.4348443923066163 and parameters: {'window_ms': 235, 'overlap': 0.45, 'freq_low_hz': 950, 'freq_high_hz': 3700, 'epsilon': 0.022830404585236597, 'd_freq': 1}. Best is trial 89 with value: 0.467642220798863.
[I 2026-03-11 00:00:24,911] Trial 123 finished with value: 0.43520480278798546 and parameters: {'window_ms': 235, 'overlap': 0.5, 'freq_low_hz': 1000, 'freq_high_hz': 5900, 'epsilon': 0.035421614976740276, 'd_freq': 1}. Best is trial 89 with value: 0.467642220798863.
Wrote Optuna tuning outputs to localization/tuning/results/respeaker_v3_optuna_launches/20260310_225541/ssz/20260310_225542
